<?xml version="1.0" encoding="UTF-8"?>
<!-- Generated by org.testng.reporters.JUnitXMLReporter -->
<testsuite hostname="KEERTHI-PC" ignored="0" name="Default test" tests="6" failures="0" timestamp="27 Feb 2023 18:01:31 GMT" time="41.349" errors="0">
  <testcase name="checkLogin" time="0.782" classname="org.testngrevision.FacebookTestNG"/>
  <testcase name="clickLogin" time="5.322" classname="org.testngrevision.FacebookTestNG"/>
  <testcase name="screenshotErrorPage" time="0.442" classname="org.testngrevision.FacebookTestNG"/>
  <testcase name="goBackToPreviousPage" time="1.16" classname="org.testngrevision.FacebookTestNG"/>
  <testcase name="createAccount" time="5.204" classname="org.testngrevision.FacebookTestNG"/>
  <testcase name="takeScreenshotFillDetails" time="0.424" classname="org.testngrevision.FacebookTestNG"/>
</testsuite> <!-- Default test -->
