<?xml version="1.0" encoding="UTF-8"?>
<!-- Generated by org.testng.reporters.JUnitXMLReporter -->
<testsuite hostname="KEERTHI-PC" ignored="2" name="Test" tests="4" failures="2" timestamp="27 Feb 2023 18:09:18 GMT" time="0.172" errors="0">
  <testcase name="checkLogin" time="0.047" classname="org.testngrevision.FacebookTestNG">
    <failure type="java.lang.NullPointerException">
      <![CDATA[java.lang.NullPointerException
... Removed 26 stack frames]]>
    </failure>
  </testcase> <!-- checkLogin -->
  <testcase name="clickLogin" time="0.0" classname="org.testngrevision.FacebookTestNG">
    <skipped/>
  </testcase> <!-- clickLogin -->
  <testcase name="goBackToPreviousPage" time="0.0" classname="org.testngrevision.FacebookTestNG">
    <failure type="java.lang.NullPointerException">
      <![CDATA[java.lang.NullPointerException
... Removed 26 stack frames]]>
    </failure>
  </testcase> <!-- goBackToPreviousPage -->
  <testcase name="createAccount" time="0.0" classname="org.testngrevision.FacebookTestNG">
    <skipped/>
  </testcase> <!-- createAccount -->
  <testcase name="takeScreenshotFillDetails" time="0.0" classname="org.testngrevision.FacebookTestNG">
    <ignored/>
  </testcase> <!-- takeScreenshotFillDetails -->
  <testcase name="screenshotErrorPage" time="0.0" classname="org.testngrevision.FacebookTestNG">
    <ignored/>
  </testcase> <!-- screenshotErrorPage -->
</testsuite> <!-- Test -->
